<?xml version="1.0" encoding="UTF-8"?>
<!-- Generated by org.testng.reporters.JUnitReportReporter -->
<testsuite hostname="IEGA-L-174" failures="0" tests="2" name="cucumberOptions.TestNGTestRunner" time="29.274" errors="0" timestamp="2023-12-07T12:33:29 GMT" skipped="0">
  <testcase classname="cucumberOptions.TestNGTestRunner" name="runScenario" time="14.884"/>
  <testcase classname="cucumberOptions.TestNGTestRunner" name="runScenario" time="14.390"/>
</testsuite> <!-- cucumberOptions.TestNGTestRunner -->
