<?xml version="1.0" encoding="UTF-8"?>
<!-- Generated by org.testng.reporters.JUnitReportReporter -->
<testsuite hostname="IEGA-L-174" failures="0" tests="1" name="cucumberOptions.TestNGTestRunner" time="15.175" errors="0" timestamp="2023-12-07T14:44:48 GMT" skipped="0">
  <testcase classname="cucumberOptions.TestNGTestRunner" name="runScenario" time="15.175"/>
</testsuite> <!-- cucumberOptions.TestNGTestRunner -->
